<?xml version="1.0" encoding="UTF-8"?>
<testng-results ignored="0" total="1" passed="1" failed="0" skipped="0">
  <reporter-output>
  </reporter-output>
  <suite started-at="2023-09-19T13:04:21 IST" name="OpenCartSuite" finished-at="2023-09-19T13:04:32 IST" duration-ms="11474">
    <groups>
      <group name="Master">
        <method signature="TC_002_LoginTest.testLogin()[pri:0, instance:testCases.TC_002_LoginTest@409bf450]" name="testLogin" class="testCases.TC_002_LoginTest"/>
      </group> <!-- Master -->
      <group name="Sanity">
        <method signature="TC_002_LoginTest.testLogin()[pri:0, instance:testCases.TC_002_LoginTest@409bf450]" name="testLogin" class="testCases.TC_002_LoginTest"/>
      </group> <!-- Sanity -->
    </groups>
    <test started-at="2023-09-19T13:04:21 IST" name="OpenCartTest" finished-at="2023-09-19T13:04:32 IST" duration-ms="11474">
      <class name="testCases.TC_002_LoginTest">
        <test-method is-config="true" signature="setup(java.lang.String)[pri:0, instance:testCases.TC_002_LoginTest@409bf450]" started-at="2023-09-19T13:04:21 IST" name="setup" finished-at="2023-09-19T13:04:29 IST" duration-ms="8118" status="PASS">
          <params>
            <param index="0">
              <value>
                <![CDATA[chrome]]>
              </value>
            </param>
          </params>
          <reporter-output>
          </reporter-output>
        </test-method> <!-- setup -->
        <test-method signature="testLogin()[pri:0, instance:testCases.TC_002_LoginTest@409bf450]" started-at="2023-09-19T13:04:29 IST" name="testLogin" finished-at="2023-09-19T13:04:32 IST" duration-ms="2386" status="PASS">
          <reporter-output>
          </reporter-output>
        </test-method> <!-- testLogin -->
        <test-method is-config="true" signature="tearDown()[pri:0, instance:testCases.TC_002_LoginTest@409bf450]" started-at="2023-09-19T13:04:32 IST" name="tearDown" finished-at="2023-09-19T13:04:32 IST" duration-ms="472" status="PASS">
          <reporter-output>
          </reporter-output>
        </test-method> <!-- tearDown -->
      </class> <!-- testCases.TC_002_LoginTest -->
    </test> <!-- OpenCartTest -->
  </suite> <!-- OpenCartSuite -->
</testng-results>
