<?xml version="1.0" encoding="UTF-8"?>
<testng-results ignored="0" total="1" passed="1" failed="0" skipped="0">
  <reporter-output>
  </reporter-output>
  <suite started-at="2023-09-18T17:48:53 IST" name="Failed suite [OpenCartSuite]" finished-at="2023-09-18T17:49:06 IST" duration-ms="12498">
    <groups>
      <group name="Master">
        <method signature="TC_001_AccountRegistrationTest.testAccountRegistration()[pri:0, instance:testCases.TC_001_AccountRegistrationTest@1033576a]" name="testAccountRegistration" class="testCases.TC_001_AccountRegistrationTest"/>
      </group> <!-- Master -->
      <group name="Regression">
        <method signature="TC_001_AccountRegistrationTest.testAccountRegistration()[pri:0, instance:testCases.TC_001_AccountRegistrationTest@1033576a]" name="testAccountRegistration" class="testCases.TC_001_AccountRegistrationTest"/>
      </group> <!-- Regression -->
    </groups>
    <test started-at="2023-09-18T17:48:53 IST" name="OpenCartTest(failed)" finished-at="2023-09-18T17:49:06 IST" duration-ms="12498">
      <class name="testCases.TC_001_AccountRegistrationTest">
        <test-method is-config="true" signature="setup(java.lang.String)[pri:0, instance:testCases.TC_001_AccountRegistrationTest@1033576a]" started-at="2023-09-18T17:48:54 IST" name="setup" finished-at="2023-09-18T17:49:01 IST" duration-ms="6851" status="PASS">
          <params>
            <param index="0">
              <value>
                <![CDATA[chrome]]>
              </value>
            </param>
          </params>
          <reporter-output>
          </reporter-output>
        </test-method> <!-- setup -->
        <test-method signature="testAccountRegistration()[pri:0, instance:testCases.TC_001_AccountRegistrationTest@1033576a]" started-at="2023-09-18T17:49:01 IST" name="testAccountRegistration" finished-at="2023-09-18T17:49:05 IST" duration-ms="4475" status="PASS">
          <reporter-output>
          </reporter-output>
        </test-method> <!-- testAccountRegistration -->
        <test-method is-config="true" signature="tearDown()[pri:0, instance:testCases.TC_001_AccountRegistrationTest@1033576a]" started-at="2023-09-18T17:49:05 IST" name="tearDown" finished-at="2023-09-18T17:49:06 IST" duration-ms="479" status="PASS">
          <reporter-output>
          </reporter-output>
        </test-method> <!-- tearDown -->
      </class> <!-- testCases.TC_001_AccountRegistrationTest -->
    </test> <!-- OpenCartTest(failed) -->
  </suite> <!-- Failed suite [OpenCartSuite] -->
</testng-results>
